2017-11-12 22:27:03,885 [DEBUG] shouzhuan.filters: session user:67258, model:user, action:listtbaccount, mid:67258 
2017-11-12 22:27:08,481 [DEBUG] shouzhuan.filters: session user:90122, model:user, action:setimei, mid:90122 
2017-11-12 22:27:09,773 [DEBUG] shouzhuan.filters: session user:85030, model:user, action:listbuyerorder, mid:85030 
2017-11-12 22:27:09,774 [DEBUG] users.views: 1
2017-11-12 22:27:13,208 [DEBUG] shouzhuan.filters: session user:67258, model:order, action:listavaliable, mid:-1 
2017-11-12 22:27:13,213 [INFO] tasks.views: SELECT (if(publish_time > 1510496833212, publish_time, 0)) AS `_ordering`, `tasks_order`.`date_created`, `tasks_order`.`date_modified`, `tasks_order`.`date_removed`, `tasks_order`.`id`, `tasks_order`.`order_type`, `tasks_order`.`seller_payment`, `tasks_order`.`buyer_gain`, `tasks_order`.`buyer_principal`, `tasks_order`.`search_entry_index`, `tasks_order`.`status`, `tasks_order`.`receive_time`, `tasks_order`.`update_time`, `tasks_order`.`device`, `tasks_order`.`step_detail`, `tasks_order`.`publish_time`, `tasks_order`.`weights`, `tasks_order`.`step_interval`, `tasks_order`.`upgraded`, `tasks_order`.`frozen`, `tasks_order`.`task_id`, `tasks_order`.`tb_id`, `tasks_order`.`bankcard_id`, `tasks_order`.`flags`, `tasks_order`.`difference` FROM `tasks_order` INNER JOIN `tasks_task` ON ( `tasks_order`.`task_id` = `tasks_task`.`id` ) WHERE (`tasks_order`.`status` = 0 AND `tasks_order`.`order_type` IN (3, 4, 5) AND `tasks_order`.`task_id` = 1360349 AND NOT (`tasks_task`.`status` = 4)) ORDER BY `_ordering` ASC, `tasks_order`.`weights` DESC, `tasks_order`.`receive_time` ASC LIMIT 10
2017-11-12 22:27:13,537 [DEBUG] shouzhuan.filters: session user:67258, model:order, action:listgroup, mid:-1 
2017-11-12 22:27:18,966 [DEBUG] shouzhuan.filters: session user:90122, model:user, action:listtbaccount, mid:90122 
2017-11-12 22:27:18,972 [DEBUG] users.views: qiniu token reflush
2017-11-12 22:27:25,233 [DEBUG] shouzhuan.filters: session user:85030, model:user, action:listbuyerorder, mid:85030 
2017-11-12 22:27:25,233 [DEBUG] users.views: 1
2017-11-12 22:27:28,039 [DEBUG] shouzhuan.filters: session user:67258, model:order, action:listgroup, mid:-1 
2017-11-12 22:27:31,694 [DEBUG] shouzhuan.filters: session user:85030, model:user, action:listbuyerorder, mid:85030 
2017-11-12 22:27:31,694 [DEBUG] users.views: 0
2017-11-12 22:27:32,917 [DEBUG] shouzhuan.filters: session user:67258, model:order, action:listgroup, mid:-1 
2017-11-12 22:27:33,129 [DEBUG] shouzhuan.filters: session user:67258, model:order, action:listavaliable, mid:-1 
2017-11-12 22:27:33,133 [INFO] tasks.views: SELECT (if(publish_time > 1510496853132, publish_time, 0)) AS `_ordering`, `tasks_order`.`date_created`, `tasks_order`.`date_modified`, `tasks_order`.`date_removed`, `tasks_order`.`id`, `tasks_order`.`order_type`, `tasks_order`.`seller_payment`, `tasks_order`.`buyer_gain`, `tasks_order`.`buyer_principal`, `tasks_order`.`search_entry_index`, `tasks_order`.`status`, `tasks_order`.`receive_time`, `tasks_order`.`update_time`, `tasks_order`.`device`, `tasks_order`.`step_detail`, `tasks_order`.`publish_time`, `tasks_order`.`weights`, `tasks_order`.`step_interval`, `tasks_order`.`upgraded`, `tasks_order`.`frozen`, `tasks_order`.`task_id`, `tasks_order`.`tb_id`, `tasks_order`.`bankcard_id`, `tasks_order`.`flags`, `tasks_order`.`difference` FROM `tasks_order` INNER JOIN `tasks_task` ON ( `tasks_order`.`task_id` = `tasks_task`.`id` ) WHERE (`tasks_order`.`status` = 0 AND `tasks_order`.`order_type` IN (3, 4, 5) AND `tasks_order`.`task_id` = 9170166 AND NOT (`tasks_task`.`status` = 4)) ORDER BY `_ordering` ASC, `tasks_order`.`weights` DESC, `tasks_order`.`receive_time` ASC LIMIT 10
2017-11-12 22:27:33,870 [DEBUG] shouzhuan.filters: session user:90122, model:order, action:listavaliable, mid:-1 
2017-11-12 22:27:33,873 [INFO] tasks.views: SELECT (if(publish_time > 1510496853872, publish_time, 0)) AS `_ordering`, `tasks_order`.`date_created`, `tasks_order`.`date_modified`, `tasks_order`.`date_removed`, `tasks_order`.`id`, `tasks_order`.`order_type`, `tasks_order`.`seller_payment`, `tasks_order`.`buyer_gain`, `tasks_order`.`buyer_principal`, `tasks_order`.`search_entry_index`, `tasks_order`.`status`, `tasks_order`.`receive_time`, `tasks_order`.`update_time`, `tasks_order`.`device`, `tasks_order`.`step_detail`, `tasks_order`.`publish_time`, `tasks_order`.`weights`, `tasks_order`.`step_interval`, `tasks_order`.`upgraded`, `tasks_order`.`frozen`, `tasks_order`.`task_id`, `tasks_order`.`tb_id`, `tasks_order`.`bankcard_id`, `tasks_order`.`flags`, `tasks_order`.`difference` FROM `tasks_order` INNER JOIN `tasks_task` ON ( `tasks_order`.`task_id` = `tasks_task`.`id` ) WHERE (`tasks_order`.`status` = 0 AND `tasks_order`.`order_type` IN (3, 4, 5) AND `tasks_order`.`task_id` = 7216352 AND NOT (`tasks_task`.`status` = 4)) ORDER BY `_ordering` ASC, `tasks_order`.`weights` DESC, `tasks_order`.`receive_time` ASC LIMIT 10
2017-11-12 22:27:36,098 [DEBUG] shouzhuan.filters: session user:67258, model:order, action:listavaliable, mid:-1 
2017-11-12 22:27:36,101 [INFO] tasks.views: SELECT (if(publish_time > 1510496856100, publish_time, 0)) AS `_ordering`, `tasks_order`.`date_created`, `tasks_order`.`date_modified`, `tasks_order`.`date_removed`, `tasks_order`.`id`, `tasks_order`.`order_type`, `tasks_order`.`seller_payment`, `tasks_order`.`buyer_gain`, `tasks_order`.`buyer_principal`, `tasks_order`.`search_entry_index`, `tasks_order`.`status`, `tasks_order`.`receive_time`, `tasks_order`.`update_time`, `tasks_order`.`device`, `tasks_order`.`step_detail`, `tasks_order`.`publish_time`, `tasks_order`.`weights`, `tasks_order`.`step_interval`, `tasks_order`.`upgraded`, `tasks_order`.`frozen`, `tasks_order`.`task_id`, `tasks_order`.`tb_id`, `tasks_order`.`bankcard_id`, `tasks_order`.`flags`, `tasks_order`.`difference` FROM `tasks_order` INNER JOIN `tasks_task` ON ( `tasks_order`.`task_id` = `tasks_task`.`id` ) WHERE (`tasks_order`.`status` = 0 AND `tasks_order`.`order_type` IN (3, 4, 5) AND `tasks_order`.`task_id` = 9170166 AND NOT (`tasks_task`.`status` = 4)) ORDER BY `_ordering` ASC, `tasks_order`.`weights` DESC, `tasks_order`.`receive_time` ASC LIMIT 10 OFFSET 6
2017-11-12 22:27:36,160 [DEBUG] shouzhuan.filters: session user:90122, model:order, action:listavaliable, mid:-1 
2017-11-12 22:27:36,163 [INFO] tasks.views: SELECT (if(publish_time > 1510496856163, publish_time, 0)) AS `_ordering`, `tasks_order`.`date_created`, `tasks_order`.`date_modified`, `tasks_order`.`date_removed`, `tasks_order`.`id`, `tasks_order`.`order_type`, `tasks_order`.`seller_payment`, `tasks_order`.`buyer_gain`, `tasks_order`.`buyer_principal`, `tasks_order`.`search_entry_index`, `tasks_order`.`status`, `tasks_order`.`receive_time`, `tasks_order`.`update_time`, `tasks_order`.`device`, `tasks_order`.`step_detail`, `tasks_order`.`publish_time`, `tasks_order`.`weights`, `tasks_order`.`step_interval`, `tasks_order`.`upgraded`, `tasks_order`.`frozen`, `tasks_order`.`task_id`, `tasks_order`.`tb_id`, `tasks_order`.`bankcard_id`, `tasks_order`.`flags`, `tasks_order`.`difference` FROM `tasks_order` INNER JOIN `tasks_task` ON ( `tasks_order`.`task_id` = `tasks_task`.`id` ) WHERE (`tasks_order`.`status` = 0 AND `tasks_order`.`order_type` IN (3, 4, 5) AND `tasks_order`.`task_id` = 8986364 AND NOT (`tasks_task`.`status` = 4)) ORDER BY `_ordering` ASC, `tasks_order`.`weights` DESC, `tasks_order`.`receive_time` ASC LIMIT 10
2017-11-12 22:27:38,128 [DEBUG] shouzhuan.filters: session user:67258, model:order, action:listavaliable, mid:-1 
2017-11-12 22:27:38,131 [INFO] tasks.views: SELECT (if(publish_time > 1510496858130, publish_time, 0)) AS `_ordering`, `tasks_order`.`date_created`, `tasks_order`.`date_modified`, `tasks_order`.`date_removed`, `tasks_order`.`id`, `tasks_order`.`order_type`, `tasks_order`.`seller_payment`, `tasks_order`.`buyer_gain`, `tasks_order`.`buyer_principal`, `tasks_order`.`search_entry_index`, `tasks_order`.`status`, `tasks_order`.`receive_time`, `tasks_order`.`update_time`, `tasks_order`.`device`, `tasks_order`.`step_detail`, `tasks_order`.`publish_time`, `tasks_order`.`weights`, `tasks_order`.`step_interval`, `tasks_order`.`upgraded`, `tasks_order`.`frozen`, `tasks_order`.`task_id`, `tasks_order`.`tb_id`, `tasks_order`.`bankcard_id`, `tasks_order`.`flags`, `tasks_order`.`difference` FROM `tasks_order` INNER JOIN `tasks_task` ON ( `tasks_order`.`task_id` = `tasks_task`.`id` ) WHERE (`tasks_order`.`status` = 0 AND `tasks_order`.`order_type` IN (3, 4, 5) AND `tasks_order`.`task_id` = 7770671 AND NOT (`tasks_task`.`status` = 4)) ORDER BY `_ordering` ASC, `tasks_order`.`weights` DESC, `tasks_order`.`receive_time` ASC LIMIT 10
2017-11-12 22:27:44,028 [DEBUG] shouzhuan.filters: session user:67258, model:order, action:listavaliable, mid:-1 
2017-11-12 22:27:44,031 [INFO] tasks.views: SELECT (if(publish_time > 1510496864030, publish_time, 0)) AS `_ordering`, `tasks_order`.`date_created`, `tasks_order`.`date_modified`, `tasks_order`.`date_removed`, `tasks_order`.`id`, `tasks_order`.`order_type`, `tasks_order`.`seller_payment`, `tasks_order`.`buyer_gain`, `tasks_order`.`buyer_principal`, `tasks_order`.`search_entry_index`, `tasks_order`.`status`, `tasks_order`.`receive_time`, `tasks_order`.`update_time`, `tasks_order`.`device`, `tasks_order`.`step_detail`, `tasks_order`.`publish_time`, `tasks_order`.`weights`, `tasks_order`.`step_interval`, `tasks_order`.`upgraded`, `tasks_order`.`frozen`, `tasks_order`.`task_id`, `tasks_order`.`tb_id`, `tasks_order`.`bankcard_id`, `tasks_order`.`flags`, `tasks_order`.`difference` FROM `tasks_order` INNER JOIN `tasks_task` ON ( `tasks_order`.`task_id` = `tasks_task`.`id` ) WHERE (`tasks_order`.`status` = 0 AND `tasks_order`.`order_type` IN (3, 4, 5) AND `tasks_order`.`task_id` = 4040773 AND NOT (`tasks_task`.`status` = 4)) ORDER BY `_ordering` ASC, `tasks_order`.`weights` DESC, `tasks_order`.`receive_time` ASC LIMIT 10
2017-11-12 22:27:47,529 [DEBUG] shouzhuan.filters: session user:67258, model:order, action:listavaliable, mid:-1 
2017-11-12 22:27:47,537 [INFO] tasks.views: SELECT (if(publish_time > 1510496867536, publish_time, 0)) AS `_ordering`, `tasks_order`.`date_created`, `tasks_order`.`date_modified`, `tasks_order`.`date_removed`, `tasks_order`.`id`, `tasks_order`.`order_type`, `tasks_order`.`seller_payment`, `tasks_order`.`buyer_gain`, `tasks_order`.`buyer_principal`, `tasks_order`.`search_entry_index`, `tasks_order`.`status`, `tasks_order`.`receive_time`, `tasks_order`.`update_time`, `tasks_order`.`device`, `tasks_order`.`step_detail`, `tasks_order`.`publish_time`, `tasks_order`.`weights`, `tasks_order`.`step_interval`, `tasks_order`.`upgraded`, `tasks_order`.`frozen`, `tasks_order`.`task_id`, `tasks_order`.`tb_id`, `tasks_order`.`bankcard_id`, `tasks_order`.`flags`, `tasks_order`.`difference` FROM `tasks_order` INNER JOIN `tasks_task` ON ( `tasks_order`.`task_id` = `tasks_task`.`id` ) WHERE (`tasks_order`.`status` = 0 AND `tasks_order`.`order_type` IN (3, 4, 5) AND `tasks_order`.`task_id` = 5850655 AND NOT (`tasks_task`.`status` = 4)) ORDER BY `_ordering` ASC, `tasks_order`.`weights` DESC, `tasks_order`.`receive_time` ASC LIMIT 10
2017-11-12 22:27:49,117 [DEBUG] shouzhuan.filters: session user:67258, model:user, action:listtbaccount, mid:67258 
2017-11-12 22:27:49,155 [DEBUG] shouzhuan.filters: session user:67258, model:user, action:listtbaccount, mid:67258 
2017-11-12 22:27:59,087 [DEBUG] shouzhuan.filters: session user:98517, model:user, action:listbuyerorder, mid:98517 
2017-11-12 22:27:59,087 [DEBUG] users.views: 3
2017-11-12 22:28:00,377 [DEBUG] shouzhuan.filters: session user:98517, model:user, action:listbuyerorder, mid:98517 
2017-11-12 22:28:00,378 [DEBUG] users.views: 1
2017-11-12 22:28:03,938 [DEBUG] shouzhuan.filters: session user:98517, model:user, action:listbuyerorder, mid:98517 
2017-11-12 22:28:03,939 [DEBUG] users.views: 2
2017-11-12 22:28:04,468 [DEBUG] shouzhuan.filters: session user:98517, model:user, action:listbuyerorder, mid:98517 
2017-11-12 22:28:04,468 [DEBUG] users.views: 0
2017-11-12 22:28:08,627 [DEBUG] shouzhuan.filters: session user:67258, model:order, action:listavaliable, mid:-1 
2017-11-12 22:28:08,631 [INFO] tasks.views: SELECT (if(publish_time > 1510496888630, publish_time, 0)) AS `_ordering`, `tasks_order`.`date_created`, `tasks_order`.`date_modified`, `tasks_order`.`date_removed`, `tasks_order`.`id`, `tasks_order`.`order_type`, `tasks_order`.`seller_payment`, `tasks_order`.`buyer_gain`, `tasks_order`.`buyer_principal`, `tasks_order`.`search_entry_index`, `tasks_order`.`status`, `tasks_order`.`receive_time`, `tasks_order`.`update_time`, `tasks_order`.`device`, `tasks_order`.`step_detail`, `tasks_order`.`publish_time`, `tasks_order`.`weights`, `tasks_order`.`step_interval`, `tasks_order`.`upgraded`, `tasks_order`.`frozen`, `tasks_order`.`task_id`, `tasks_order`.`tb_id`, `tasks_order`.`bankcard_id`, `tasks_order`.`flags`, `tasks_order`.`difference` FROM `tasks_order` INNER JOIN `tasks_task` ON ( `tasks_order`.`task_id` = `tasks_task`.`id` ) WHERE (`tasks_order`.`status` = 0 AND `tasks_order`.`order_type` IN (3, 4, 5) AND `tasks_order`.`task_id` = 5850655 AND NOT (`tasks_task`.`status` = 4)) ORDER BY `_ordering` ASC, `tasks_order`.`weights` DESC, `tasks_order`.`receive_time` ASC LIMIT 10
2017-11-12 22:28:08,847 [DEBUG] shouzhuan.filters: session user:11647, model:user, action:getrytoken, mid:11647 
2017-11-12 22:28:09,300 [DEBUG] shouzhuan.filters: session user:11647, model:user, action:listtbaccount, mid:11647 
2017-11-12 22:28:10,059 [DEBUG] shouzhuan.filters: session user:67258, model:order, action:listavaliable, mid:-1 
2017-11-12 22:28:10,062 [INFO] tasks.views: SELECT (if(publish_time > 1510496890061, publish_time, 0)) AS `_ordering`, `tasks_order`.`date_created`, `tasks_order`.`date_modified`, `tasks_order`.`date_removed`, `tasks_order`.`id`, `tasks_order`.`order_type`, `tasks_order`.`seller_payment`, `tasks_order`.`buyer_gain`, `tasks_order`.`buyer_principal`, `tasks_order`.`search_entry_index`, `tasks_order`.`status`, `tasks_order`.`receive_time`, `tasks_order`.`update_time`, `tasks_order`.`device`, `tasks_order`.`step_detail`, `tasks_order`.`publish_time`, `tasks_order`.`weights`, `tasks_order`.`step_interval`, `tasks_order`.`upgraded`, `tasks_order`.`frozen`, `tasks_order`.`task_id`, `tasks_order`.`tb_id`, `tasks_order`.`bankcard_id`, `tasks_order`.`flags`, `tasks_order`.`difference` FROM `tasks_order` INNER JOIN `tasks_task` ON ( `tasks_order`.`task_id` = `tasks_task`.`id` ) WHERE (`tasks_order`.`status` = 0 AND `tasks_order`.`order_type` IN (3, 4, 5) AND `tasks_order`.`task_id` = 5850655 AND NOT (`tasks_task`.`status` = 4)) ORDER BY `_ordering` ASC, `tasks_order`.`weights` DESC, `tasks_order`.`receive_time` ASC LIMIT 10
2017-11-12 22:28:13,893 [DEBUG] shouzhuan.filters: session user:98517, model:user, action:listtbaccount, mid:98517 
2017-11-12 22:28:15,213 [DEBUG] shouzhuan.filters: session user:98517, model:user, action:listrecord, mid:98517 
2017-11-12 22:28:16,443 [DEBUG] shouzhuan.filters: session user:11647, model:order, action:listgroup, mid:-1 
2017-11-12 22:28:17,848 [DEBUG] shouzhuan.filters: session user:98517, model:user, action:listrecord, mid:98517 
2017-11-12 22:28:18,042 [DEBUG] shouzhuan.filters: session user:11647, model:order, action:listgroup, mid:-1 
2017-11-12 22:28:18,459 [DEBUG] shouzhuan.filters: session user:67258, model:user, action:listtbaccount, mid:67258 
2017-11-12 22:28:18,499 [DEBUG] shouzhuan.filters: session user:67258, model:user, action:listtbaccount, mid:67258 
2017-11-12 22:28:19,837 [DEBUG] shouzhuan.filters: session user:67258, model:order, action:listavaliable, mid:-1 
2017-11-12 22:28:19,840 [INFO] tasks.views: SELECT (if(publish_time > 1510496899839, publish_time, 0)) AS `_ordering`, `tasks_order`.`date_created`, `tasks_order`.`date_modified`, `tasks_order`.`date_removed`, `tasks_order`.`id`, `tasks_order`.`order_type`, `tasks_order`.`seller_payment`, `tasks_order`.`buyer_gain`, `tasks_order`.`buyer_principal`, `tasks_order`.`search_entry_index`, `tasks_order`.`status`, `tasks_order`.`receive_time`, `tasks_order`.`update_time`, `tasks_order`.`device`, `tasks_order`.`step_detail`, `tasks_order`.`publish_time`, `tasks_order`.`weights`, `tasks_order`.`step_interval`, `tasks_order`.`upgraded`, `tasks_order`.`frozen`, `tasks_order`.`task_id`, `tasks_order`.`tb_id`, `tasks_order`.`bankcard_id`, `tasks_order`.`flags`, `tasks_order`.`difference` FROM `tasks_order` INNER JOIN `tasks_task` ON ( `tasks_order`.`task_id` = `tasks_task`.`id` ) WHERE (`tasks_order`.`status` = 0 AND `tasks_order`.`order_type` IN (3, 4, 5) AND `tasks_order`.`task_id` = 7216352 AND NOT (`tasks_task`.`status` = 4)) ORDER BY `_ordering` ASC, `tasks_order`.`weights` DESC, `tasks_order`.`receive_time` ASC LIMIT 10
2017-11-12 22:28:21,847 [DEBUG] shouzhuan.filters: session user:67258, model:order, action:listavaliable, mid:-1 
2017-11-12 22:28:21,851 [INFO] tasks.views: SELECT (if(publish_time > 1510496901850, publish_time, 0)) AS `_ordering`, `tasks_order`.`date_created`, `tasks_order`.`date_modified`, `tasks_order`.`date_removed`, `tasks_order`.`id`, `tasks_order`.`order_type`, `tasks_order`.`seller_payment`, `tasks_order`.`buyer_gain`, `tasks_order`.`buyer_principal`, `tasks_order`.`search_entry_index`, `tasks_order`.`status`, `tasks_order`.`receive_time`, `tasks_order`.`update_time`, `tasks_order`.`device`, `tasks_order`.`step_detail`, `tasks_order`.`publish_time`, `tasks_order`.`weights`, `tasks_order`.`step_interval`, `tasks_order`.`upgraded`, `tasks_order`.`frozen`, `tasks_order`.`task_id`, `tasks_order`.`tb_id`, `tasks_order`.`bankcard_id`, `tasks_order`.`flags`, `tasks_order`.`difference` FROM `tasks_order` INNER JOIN `tasks_task` ON ( `tasks_order`.`task_id` = `tasks_task`.`id` ) WHERE (`tasks_order`.`status` = 0 AND `tasks_order`.`order_type` IN (3, 4, 5) AND `tasks_order`.`task_id` = 7216352 AND NOT (`tasks_task`.`status` = 4)) ORDER BY `_ordering` ASC, `tasks_order`.`weights` DESC, `tasks_order`.`receive_time` ASC LIMIT 10
2017-11-12 22:28:23,148 [DEBUG] shouzhuan.filters: session user:11647, model:order, action:listgroup, mid:-1 
2017-11-12 22:28:23,323 [DEBUG] shouzhuan.filters: session user:11647, model:order, action:listavaliable, mid:-1 
2017-11-12 22:28:23,326 [INFO] tasks.views: SELECT (if(publish_time > 1510496903325, publish_time, 0)) AS `_ordering`, `tasks_order`.`date_created`, `tasks_order`.`date_modified`, `tasks_order`.`date_removed`, `tasks_order`.`id`, `tasks_order`.`order_type`, `tasks_order`.`seller_payment`, `tasks_order`.`buyer_gain`, `tasks_order`.`buyer_principal`, `tasks_order`.`search_entry_index`, `tasks_order`.`status`, `tasks_order`.`receive_time`, `tasks_order`.`update_time`, `tasks_order`.`device`, `tasks_order`.`step_detail`, `tasks_order`.`publish_time`, `tasks_order`.`weights`, `tasks_order`.`step_interval`, `tasks_order`.`upgraded`, `tasks_order`.`frozen`, `tasks_order`.`task_id`, `tasks_order`.`tb_id`, `tasks_order`.`bankcard_id`, `tasks_order`.`flags`, `tasks_order`.`difference` FROM `tasks_order` INNER JOIN `tasks_task` ON ( `tasks_order`.`task_id` = `tasks_task`.`id` ) WHERE (`tasks_order`.`status` = 0 AND `tasks_order`.`order_type` IN (3, 4, 5) AND `tasks_order`.`task_id` = 1360349 AND NOT (`tasks_task`.`status` = 4)) ORDER BY `_ordering` ASC, `tasks_order`.`weights` DESC, `tasks_order`.`receive_time` ASC LIMIT 10
2017-11-12 22:28:24,148 [DEBUG] shouzhuan.filters: session user:67258, model:order, action:listavaliable, mid:-1 
2017-11-12 22:28:24,152 [INFO] tasks.views: SELECT (if(publish_time > 1510496904151, publish_time, 0)) AS `_ordering`, `tasks_order`.`date_created`, `tasks_order`.`date_modified`, `tasks_order`.`date_removed`, `tasks_order`.`id`, `tasks_order`.`order_type`, `tasks_order`.`seller_payment`, `tasks_order`.`buyer_gain`, `tasks_order`.`buyer_principal`, `tasks_order`.`search_entry_index`, `tasks_order`.`status`, `tasks_order`.`receive_time`, `tasks_order`.`update_time`, `tasks_order`.`device`, `tasks_order`.`step_detail`, `tasks_order`.`publish_time`, `tasks_order`.`weights`, `tasks_order`.`step_interval`, `tasks_order`.`upgraded`, `tasks_order`.`frozen`, `tasks_order`.`task_id`, `tasks_order`.`tb_id`, `tasks_order`.`bankcard_id`, `tasks_order`.`flags`, `tasks_order`.`difference` FROM `tasks_order` INNER JOIN `tasks_task` ON ( `tasks_order`.`task_id` = `tasks_task`.`id` ) WHERE (`tasks_order`.`status` = 0 AND `tasks_order`.`order_type` IN (3, 4, 5) AND `tasks_order`.`task_id` = 7216352 AND NOT (`tasks_task`.`status` = 4)) ORDER BY `_ordering` ASC, `tasks_order`.`weights` DESC, `tasks_order`.`receive_time` ASC LIMIT 10
2017-11-12 22:28:24,780 [DEBUG] shouzhuan.filters: session user:11647, model:user, action:listtbaccount, mid:11647 
2017-11-12 22:28:24,848 [DEBUG] shouzhuan.filters: session user:11647, model:user, action:listtbaccount, mid:11647 
2017-11-12 22:28:26,766 [DEBUG] shouzhuan.filters: session user:98517, model:user, action:listtbaccount, mid:98517 
2017-11-12 22:28:29,218 [DEBUG] shouzhuan.filters: session user:98517, model:user, action:listbuyerorder, mid:98517 
2017-11-12 22:28:29,219 [DEBUG] users.views: 0
2017-11-12 22:28:37,017 [DEBUG] shouzhuan.filters: session user:11647, model:user, action:listbankcard, mid:11647 
2017-11-12 22:28:37,519 [DEBUG] shouzhuan.filters: session user:67258, model:order, action:listavaliable, mid:-1 
2017-11-12 22:28:37,522 [INFO] tasks.views: SELECT (if(publish_time > 1510496917521, publish_time, 0)) AS `_ordering`, `tasks_order`.`date_created`, `tasks_order`.`date_modified`, `tasks_order`.`date_removed`, `tasks_order`.`id`, `tasks_order`.`order_type`, `tasks_order`.`seller_payment`, `tasks_order`.`buyer_gain`, `tasks_order`.`buyer_principal`, `tasks_order`.`search_entry_index`, `tasks_order`.`status`, `tasks_order`.`receive_time`, `tasks_order`.`update_time`, `tasks_order`.`device`, `tasks_order`.`step_detail`, `tasks_order`.`publish_time`, `tasks_order`.`weights`, `tasks_order`.`step_interval`, `tasks_order`.`upgraded`, `tasks_order`.`frozen`, `tasks_order`.`task_id`, `tasks_order`.`tb_id`, `tasks_order`.`bankcard_id`, `tasks_order`.`flags`, `tasks_order`.`difference` FROM `tasks_order` INNER JOIN `tasks_task` ON ( `tasks_order`.`task_id` = `tasks_task`.`id` ) WHERE (`tasks_order`.`status` = 0 AND `tasks_order`.`order_type` IN (3, 4, 5) AND `tasks_order`.`task_id` = 7216352 AND NOT (`tasks_task`.`status` = 4)) ORDER BY `_ordering` ASC, `tasks_order`.`weights` DESC, `tasks_order`.`receive_time` ASC LIMIT 10
2017-11-12 22:28:39,826 [DEBUG] shouzhuan.filters: session user:11647, model:user, action:getrytoken, mid:11647 
2017-11-12 22:28:40,078 [DEBUG] shouzhuan.filters: session user:11647, model:user, action:listbankcard, mid:11647 
2017-11-12 22:28:40,091 [DEBUG] shouzhuan.filters: session user:11647, model:user, action:setimei, mid:11647 
2017-11-12 22:28:40,520 [DEBUG] shouzhuan.filters: session user:98517, model:user, action:listbuyerorder, mid:98517 
2017-11-12 22:28:40,521 [DEBUG] users.views: 0
2017-11-12 22:28:41,399 [DEBUG] shouzhuan.filters: session user:90757, model:order, action:listavaliable, mid:-1 
2017-11-12 22:28:41,402 [INFO] tasks.views: SELECT (if(publish_time > 1510496921402, publish_time, 0)) AS `_ordering`, `tasks_order`.`date_created`, `tasks_order`.`date_modified`, `tasks_order`.`date_removed`, `tasks_order`.`id`, `tasks_order`.`order_type`, `tasks_order`.`seller_payment`, `tasks_order`.`buyer_gain`, `tasks_order`.`buyer_principal`, `tasks_order`.`search_entry_index`, `tasks_order`.`status`, `tasks_order`.`receive_time`, `tasks_order`.`update_time`, `tasks_order`.`device`, `tasks_order`.`step_detail`, `tasks_order`.`publish_time`, `tasks_order`.`weights`, `tasks_order`.`step_interval`, `tasks_order`.`upgraded`, `tasks_order`.`frozen`, `tasks_order`.`task_id`, `tasks_order`.`tb_id`, `tasks_order`.`bankcard_id`, `tasks_order`.`flags`, `tasks_order`.`difference` FROM `tasks_order` INNER JOIN `tasks_task` ON ( `tasks_order`.`task_id` = `tasks_task`.`id` ) WHERE (`tasks_order`.`status` = 0 AND `tasks_order`.`order_type` IN (0, 1, 2, 6) AND `tasks_task`.`task_type` = 0 AND NOT (`tasks_task`.`status` = 4)) ORDER BY `_ordering` ASC, `tasks_order`.`weights` DESC, `tasks_order`.`receive_time` ASC LIMIT 10
2017-11-12 22:28:47,245 [DEBUG] shouzhuan.filters: session user:67258, model:order, action:listavaliable, mid:-1 
2017-11-12 22:28:47,248 [INFO] tasks.views: SELECT (if(publish_time > 1510496927247, publish_time, 0)) AS `_ordering`, `tasks_order`.`date_created`, `tasks_order`.`date_modified`, `tasks_order`.`date_removed`, `tasks_order`.`id`, `tasks_order`.`order_type`, `tasks_order`.`seller_payment`, `tasks_order`.`buyer_gain`, `tasks_order`.`buyer_principal`, `tasks_order`.`search_entry_index`, `tasks_order`.`status`, `tasks_order`.`receive_time`, `tasks_order`.`update_time`, `tasks_order`.`device`, `tasks_order`.`step_detail`, `tasks_order`.`publish_time`, `tasks_order`.`weights`, `tasks_order`.`step_interval`, `tasks_order`.`upgraded`, `tasks_order`.`frozen`, `tasks_order`.`task_id`, `tasks_order`.`tb_id`, `tasks_order`.`bankcard_id`, `tasks_order`.`flags`, `tasks_order`.`difference` FROM `tasks_order` INNER JOIN `tasks_task` ON ( `tasks_order`.`task_id` = `tasks_task`.`id` ) WHERE (`tasks_order`.`status` = 0 AND `tasks_order`.`order_type` IN (3, 4, 5) AND `tasks_order`.`task_id` = 4040773 AND NOT (`tasks_task`.`status` = 4)) ORDER BY `_ordering` ASC, `tasks_order`.`weights` DESC, `tasks_order`.`receive_time` ASC LIMIT 10
2017-11-12 22:28:50,478 [DEBUG] shouzhuan.filters: session user:67258, model:order, action:listavaliable, mid:-1 
2017-11-12 22:28:50,481 [INFO] tasks.views: SELECT (if(publish_time > 1510496930480, publish_time, 0)) AS `_ordering`, `tasks_order`.`date_created`, `tasks_order`.`date_modified`, `tasks_order`.`date_removed`, `tasks_order`.`id`, `tasks_order`.`order_type`, `tasks_order`.`seller_payment`, `tasks_order`.`buyer_gain`, `tasks_order`.`buyer_principal`, `tasks_order`.`search_entry_index`, `tasks_order`.`status`, `tasks_order`.`receive_time`, `tasks_order`.`update_time`, `tasks_order`.`device`, `tasks_order`.`step_detail`, `tasks_order`.`publish_time`, `tasks_order`.`weights`, `tasks_order`.`step_interval`, `tasks_order`.`upgraded`, `tasks_order`.`frozen`, `tasks_order`.`task_id`, `tasks_order`.`tb_id`, `tasks_order`.`bankcard_id`, `tasks_order`.`flags`, `tasks_order`.`difference` FROM `tasks_order` INNER JOIN `tasks_task` ON ( `tasks_order`.`task_id` = `tasks_task`.`id` ) WHERE (`tasks_order`.`status` = 0 AND `tasks_order`.`order_type` IN (3, 4, 5) AND `tasks_order`.`task_id` = 4040773 AND NOT (`tasks_task`.`status` = 4)) ORDER BY `_ordering` ASC, `tasks_order`.`weights` DESC, `tasks_order`.`receive_time` ASC LIMIT 10 OFFSET 10
2017-11-12 22:28:53,817 [DEBUG] shouzhuan.filters: session user:67258, model:order, action:listavaliable, mid:-1 
2017-11-12 22:28:53,820 [INFO] tasks.views: SELECT (if(publish_time > 1510496933820, publish_time, 0)) AS `_ordering`, `tasks_order`.`date_created`, `tasks_order`.`date_modified`, `tasks_order`.`date_removed`, `tasks_order`.`id`, `tasks_order`.`order_type`, `tasks_order`.`seller_payment`, `tasks_order`.`buyer_gain`, `tasks_order`.`buyer_principal`, `tasks_order`.`search_entry_index`, `tasks_order`.`status`, `tasks_order`.`receive_time`, `tasks_order`.`update_time`, `tasks_order`.`device`, `tasks_order`.`step_detail`, `tasks_order`.`publish_time`, `tasks_order`.`weights`, `tasks_order`.`step_interval`, `tasks_order`.`upgraded`, `tasks_order`.`frozen`, `tasks_order`.`task_id`, `tasks_order`.`tb_id`, `tasks_order`.`bankcard_id`, `tasks_order`.`flags`, `tasks_order`.`difference` FROM `tasks_order` INNER JOIN `tasks_task` ON ( `tasks_order`.`task_id` = `tasks_task`.`id` ) WHERE (`tasks_order`.`status` = 0 AND `tasks_order`.`order_type` IN (3, 4, 5) AND `tasks_order`.`task_id` = 4040773 AND NOT (`tasks_task`.`status` = 4)) ORDER BY `_ordering` ASC, `tasks_order`.`weights` DESC, `tasks_order`.`receive_time` ASC LIMIT 10 OFFSET 20
2017-11-12 22:28:56,941 [DEBUG] shouzhuan.filters: session user:98517, model:user, action:listbuyerorder, mid:98517 
2017-11-12 22:28:56,942 [DEBUG] users.views: 0
2017-11-12 22:28:57,002 [DEBUG] shouzhuan.filters: session user:67258, model:order, action:listavaliable, mid:-1 
2017-11-12 22:28:57,006 [INFO] tasks.views: SELECT (if(publish_time > 1510496937005, publish_time, 0)) AS `_ordering`, `tasks_order`.`date_created`, `tasks_order`.`date_modified`, `tasks_order`.`date_removed`, `tasks_order`.`id`, `tasks_order`.`order_type`, `tasks_order`.`seller_payment`, `tasks_order`.`buyer_gain`, `tasks_order`.`buyer_principal`, `tasks_order`.`search_entry_index`, `tasks_order`.`status`, `tasks_order`.`receive_time`, `tasks_order`.`update_time`, `tasks_order`.`device`, `tasks_order`.`step_detail`, `tasks_order`.`publish_time`, `tasks_order`.`weights`, `tasks_order`.`step_interval`, `tasks_order`.`upgraded`, `tasks_order`.`frozen`, `tasks_order`.`task_id`, `tasks_order`.`tb_id`, `tasks_order`.`bankcard_id`, `tasks_order`.`flags`, `tasks_order`.`difference` FROM `tasks_order` INNER JOIN `tasks_task` ON ( `tasks_order`.`task_id` = `tasks_task`.`id` ) WHERE (`tasks_order`.`status` = 0 AND `tasks_order`.`order_type` IN (3, 4, 5) AND `tasks_order`.`task_id` = 4040773 AND NOT (`tasks_task`.`status` = 4)) ORDER BY `_ordering` ASC, `tasks_order`.`weights` DESC, `tasks_order`.`receive_time` ASC LIMIT 10 OFFSET 30
2017-11-12 22:28:58,871 [DEBUG] shouzhuan.filters: session user:67258, model:order, action:listavaliable, mid:-1 
2017-11-12 22:28:58,874 [INFO] tasks.views: SELECT (if(publish_time > 1510496938873, publish_time, 0)) AS `_ordering`, `tasks_order`.`date_created`, `tasks_order`.`date_modified`, `tasks_order`.`date_removed`, `tasks_order`.`id`, `tasks_order`.`order_type`, `tasks_order`.`seller_payment`, `tasks_order`.`buyer_gain`, `tasks_order`.`buyer_principal`, `tasks_order`.`search_entry_index`, `tasks_order`.`status`, `tasks_order`.`receive_time`, `tasks_order`.`update_time`, `tasks_order`.`device`, `tasks_order`.`step_detail`, `tasks_order`.`publish_time`, `tasks_order`.`weights`, `tasks_order`.`step_interval`, `tasks_order`.`upgraded`, `tasks_order`.`frozen`, `tasks_order`.`task_id`, `tasks_order`.`tb_id`, `tasks_order`.`bankcard_id`, `tasks_order`.`flags`, `tasks_order`.`difference` FROM `tasks_order` INNER JOIN `tasks_task` ON ( `tasks_order`.`task_id` = `tasks_task`.`id` ) WHERE (`tasks_order`.`status` = 0 AND `tasks_order`.`order_type` IN (3, 4, 5) AND `tasks_order`.`task_id` = 4040773 AND NOT (`tasks_task`.`status` = 4)) ORDER BY `_ordering` ASC, `tasks_order`.`weights` DESC, `tasks_order`.`receive_time` ASC LIMIT 10 OFFSET 36
2017-11-12 22:29:02,190 [DEBUG] shouzhuan.filters: session user:98517, model:user, action:listtbaccount, mid:98517 
2017-11-12 22:29:03,113 [DEBUG] shouzhuan.filters: session user:67258, model:order, action:listavaliable, mid:-1 
2017-11-12 22:29:03,116 [INFO] tasks.views: SELECT (if(publish_time > 1510496943115, publish_time, 0)) AS `_ordering`, `tasks_order`.`date_created`, `tasks_order`.`date_modified`, `tasks_order`.`date_removed`, `tasks_order`.`id`, `tasks_order`.`order_type`, `tasks_order`.`seller_payment`, `tasks_order`.`buyer_gain`, `tasks_order`.`buyer_principal`, `tasks_order`.`search_entry_index`, `tasks_order`.`status`, `tasks_order`.`receive_time`, `tasks_order`.`update_time`, `tasks_order`.`device`, `tasks_order`.`step_detail`, `tasks_order`.`publish_time`, `tasks_order`.`weights`, `tasks_order`.`step_interval`, `tasks_order`.`upgraded`, `tasks_order`.`frozen`, `tasks_order`.`task_id`, `tasks_order`.`tb_id`, `tasks_order`.`bankcard_id`, `tasks_order`.`flags`, `tasks_order`.`difference` FROM `tasks_order` INNER JOIN `tasks_task` ON ( `tasks_order`.`task_id` = `tasks_task`.`id` ) WHERE (`tasks_order`.`status` = 0 AND `tasks_order`.`order_type` IN (3, 4, 5) AND `tasks_order`.`task_id` = 5419002 AND NOT (`tasks_task`.`status` = 4)) ORDER BY `_ordering` ASC, `tasks_order`.`weights` DESC, `tasks_order`.`receive_time` ASC LIMIT 10
2017-11-12 22:29:04,523 [DEBUG] shouzhuan.filters: session user:67258, model:user, action:listtbaccount, mid:67258 
2017-11-12 22:29:11,296 [DEBUG] shouzhuan.filters: session user:98517, model:user, action:listrecord, mid:98517 
2017-11-12 22:29:12,173 [DEBUG] shouzhuan.views: SELECT `tasks_task`.`date_created`, `tasks_task`.`date_modified`, `tasks_task`.`date_removed`, `tasks_task`.`id`, `tasks_task`.`platform`, `tasks_task`.`task_type`, `tasks_task`.`commodities`, `tasks_task`.`search_entries`, `tasks_task`.`low_price`, `tasks_task`.`up_price`, `tasks_task`.`commodity_address`, `tasks_task`.`total_price`, `tasks_task`.`order_types`, `tasks_task`.`comment_keyword`, `tasks_task`.`comment_image`, `tasks_task`.`return_type`, `tasks_task`.`bonus`, `tasks_task`.`order_comment`, `tasks_task`.`publish_start_date`, `tasks_task`.`publish_start_time`, `tasks_task`.`publish_end_time`, `tasks_task`.`publish_num`, `tasks_task`.`publish_total`, `tasks_task`.`status`, `tasks_task`.`verify_status`, `tasks_task`.`verify_time`, `tasks_task`.`task_remark`, `tasks_task`.`create_time`, `tasks_task`.`others`, `tasks_task`.`inviter_awarded`, `tasks_task`.`flow`, `tasks_task`.`step_interval`, `tasks_task`.`prepublish`, `tasks_task`.`appealnum`, `tasks_task`.`store_id`, `tasks_task`.`verify_admin_id`, `tasks_task`.`wangwang_condition`, `tasks_task`.`is_qian`, `tasks_task`.`qian_search_entry` FROM `tasks_task` INNER JOIN `tasks_store` ON ( `tasks_task`.`store_id` = `tasks_store`.`id` ) WHERE (`tasks_task`.`date_removed` IS NULL AND `tasks_store`.`user_id` = 17003 AND NOT (`tasks_task`.`task_type` = 2) AND `tasks_task`.`create_time` >= 1507824000000) ORDER BY `tasks_task`.`create_time` DESC LIMIT 10
2017-11-12 22:29:12,179 [DEBUG] shouzhuan.views: 3887084
2017-11-12 22:29:12,183 [DEBUG] shouzhuan.views: 3233203
2017-11-12 22:29:12,186 [DEBUG] shouzhuan.views: 3172629
2017-11-12 22:29:12,189 [DEBUG] shouzhuan.views: 3286231
2017-11-12 22:29:13,337 [DEBUG] shouzhuan.filters: session user:98517, model:user, action:listtbaccount, mid:98517 
2017-11-12 22:29:17,139 [DEBUG] shouzhuan.filters: session user:98517, model:user, action:listtbaccount, mid:98517 
2017-11-12 22:29:17,168 [DEBUG] shouzhuan.filters: session user:98517, model:user, action:setimei, mid:98517 
2017-11-12 22:29:20,500 [DEBUG] shouzhuan.filters: session user:98517, model:user, action:listbuyerorder, mid:98517 
2017-11-12 22:29:20,500 [DEBUG] users.views: 0
2017-11-12 22:29:22,624 [DEBUG] shouzhuan.filters: session user:98517, model:user, action:listbuyerorder, mid:98517 
2017-11-12 22:29:22,624 [DEBUG] users.views: 0
2017-11-12 22:29:25,200 [DEBUG] shouzhuan.filters: session user:98517, model:user, action:listbuyerorder, mid:98517 
2017-11-12 22:29:25,201 [DEBUG] users.views: 0
2017-11-12 22:29:26,822 [DEBUG] shouzhuan.filters: session user:98517, model:user, action:listbuyerorder, mid:98517 
2017-11-12 22:29:26,823 [DEBUG] users.views: 0
2017-11-12 22:30:01,699 [INFO] shouzhuan.crontasks: order_manage start
2017-11-12 22:30:01,752 [INFO] shouzhuan.crontasks: 自动还款数：0
2017-11-12 22:30:01,800 [INFO] shouzhuan.crontasks: 自动取消订单数：0
2017-11-12 22:30:01,924 [INFO] shouzhuan.crontasks: 自动确认订单数：1
2017-11-12 22:30:01,925 [INFO] shouzhuan.crontasks: order_manage end
2017-11-12 22:30:30,364 [DEBUG] shouzhuan.filters: session user:98517, model:user, action:listtbaccount, mid:98517 
2017-11-12 22:30:30,397 [DEBUG] shouzhuan.filters: session user:98517, model:user, action:listbankcard, mid:98517 
2017-11-12 22:30:30,408 [DEBUG] shouzhuan.filters: session user:98517, model:user, action:setimei, mid:98517 
2017-11-12 22:31:21,003 [DEBUG] shouzhuan.filters: session user:98517, model:user, action:listbankcard, mid:98517 
2017-11-12 22:31:22,973 [DEBUG] shouzhuan.filters: session user:98517, model:user, action:listbankcard, mid:98517 
2017-11-12 22:31:23,001 [DEBUG] shouzhuan.filters: session user:98517, model:user, action:setimei, mid:98517 
2017-11-12 22:31:31,789 [DEBUG] shouzhuan.filters: session user:98517, model:user, action:listbuyerorder, mid:98517 
2017-11-12 22:31:31,789 [DEBUG] users.views: 0
2017-11-12 22:31:44,027 [DEBUG] shouzhuan.filters: session user:98517, model:user, action:listbuyerorder, mid:98517 
2017-11-12 22:31:44,027 [DEBUG] users.views: 0
2017-11-12 22:31:49,218 [DEBUG] shouzhuan.filters: session user:98517, model:user, action:getrytoken, mid:98517 
2017-11-12 22:32:25,842 [DEBUG] shouzhuan.filters: session user:16211, model:user, action:setimei, mid:16211 
2017-11-12 22:32:25,987 [DEBUG] shouzhuan.filters: session user:98517, model:user, action:getrytoken, mid:98517 
2017-11-12 22:32:40,383 [DEBUG] shouzhuan.filters: session user:21873, model:user, action:listbankcard, mid:21873 
2017-11-12 22:32:40,748 [DEBUG] shouzhuan.filters: session user:21873, model:user, action:listtbaccount, mid:21873 
2017-11-12 22:32:40,755 [DEBUG] shouzhuan.filters: session user:21873, model:user, action:setimei, mid:21873 
2017-11-12 22:32:45,169 [DEBUG] shouzhuan.filters: session user:21873, model:user, action:listbankcard, mid:21873 
2017-11-12 22:32:45,178 [DEBUG] shouzhuan.filters: session user:21873, model:user, action:setimei, mid:21873 
2017-11-12 22:32:52,158 [DEBUG] shouzhuan.filters: session user:29901, model:user, action:getrytoken, mid:29901 
2017-11-12 22:32:52,402 [DEBUG] shouzhuan.filters: session user:29901, model:user, action:listbankcard, mid:29901 
2017-11-12 22:32:58,755 [DEBUG] shouzhuan.filters: session user:21873, model:user, action:listtbaccount, mid:21873 
2017-11-12 22:33:04,379 [DEBUG] shouzhuan.filters: session user:29901, model:user, action:setimei, mid:29901 
2017-11-12 22:33:06,290 [DEBUG] shouzhuan.filters: session user:29901, model:user, action:listbuyerorder, mid:29901 
2017-11-12 22:33:06,290 [DEBUG] users.views: 1
2017-11-12 22:33:10,608 [DEBUG] shouzhuan.filters: session user:98517, model:user, action:listbankcard, mid:98517 
2017-11-12 22:33:14,530 [DEBUG] shouzhuan.filters: session user:29901, model:user, action:listbuyerorder, mid:29901 
2017-11-12 22:33:14,531 [DEBUG] users.views: 3
2017-11-12 22:33:27,427 [DEBUG] shouzhuan.filters: session user:63640, model:user, action:award, mid:63640 
2017-11-12 22:33:32,521 [DEBUG] shouzhuan.filters: session user:98491, model:user, action:listtbaccount, mid:98491 
2017-11-12 22:33:33,264 [DEBUG] shouzhuan.filters: session user:98491, model:user, action:award, mid:98491 
2017-11-12 22:35:30,950 [DEBUG] shouzhuan.filters: session user:29901, model:user, action:getrytoken, mid:29901 
2017-11-12 22:35:31,988 [DEBUG] shouzhuan.filters: session user:29901, model:user, action:listrecord, mid:29901 
2017-11-12 22:35:34,820 [DEBUG] shouzhuan.filters: session user:90757, model:user, action:listrecord, mid:90757 
2017-11-12 22:36:18,880 [DEBUG] shouzhuan.filters: session user:66862, model:user, action:getrytoken, mid:66862 
2017-11-12 22:36:20,134 [DEBUG] shouzhuan.filters: session user:66862, model:user, action:setimei, mid:66862 
2017-11-12 22:36:21,739 [DEBUG] shouzhuan.filters: session user:66862, model:user, action:listrecord, mid:66862 
2017-11-12 22:36:24,437 [INFO] users.views: {u'bit': u'8'}
2017-11-12 22:36:24,540 [DEBUG] shouzhuan.filters: session user:66862, model:user, action:listrecord, mid:66862 
2017-11-12 22:36:26,262 [DEBUG] shouzhuan.filters: session user:66862, model:user, action:listtbaccount, mid:66862 
2017-11-12 22:36:34,064 [DEBUG] shouzhuan.filters: session user:66862, model:order, action:listavaliable, mid:-1 
2017-11-12 22:36:34,067 [INFO] tasks.views: SELECT (if(publish_time > 1510497394066, publish_time, 0)) AS `_ordering`, `tasks_order`.`date_created`, `tasks_order`.`date_modified`, `tasks_order`.`date_removed`, `tasks_order`.`id`, `tasks_order`.`order_type`, `tasks_order`.`seller_payment`, `tasks_order`.`buyer_gain`, `tasks_order`.`buyer_principal`, `tasks_order`.`search_entry_index`, `tasks_order`.`status`, `tasks_order`.`receive_time`, `tasks_order`.`update_time`, `tasks_order`.`device`, `tasks_order`.`step_detail`, `tasks_order`.`publish_time`, `tasks_order`.`weights`, `tasks_order`.`step_interval`, `tasks_order`.`upgraded`, `tasks_order`.`frozen`, `tasks_order`.`task_id`, `tasks_order`.`tb_id`, `tasks_order`.`bankcard_id`, `tasks_order`.`flags`, `tasks_order`.`difference` FROM `tasks_order` INNER JOIN `tasks_task` ON ( `tasks_order`.`task_id` = `tasks_task`.`id` ) WHERE (`tasks_order`.`status` = 0 AND `tasks_order`.`order_type` IN (0, 1, 2, 6) AND `tasks_task`.`task_type` = 0 AND NOT (`tasks_task`.`status` = 4)) ORDER BY `_ordering` ASC, `tasks_order`.`weights` DESC, `tasks_order`.`receive_time` ASC LIMIT 10 OFFSET 10
2017-11-12 22:36:35,273 [DEBUG] shouzhuan.filters: session user:66862, model:order, action:listavaliable, mid:-1 
2017-11-12 22:36:35,276 [INFO] tasks.views: SELECT (if(publish_time > 1510497395276, publish_time, 0)) AS `_ordering`, `tasks_order`.`date_created`, `tasks_order`.`date_modified`, `tasks_order`.`date_removed`, `tasks_order`.`id`, `tasks_order`.`order_type`, `tasks_order`.`seller_payment`, `tasks_order`.`buyer_gain`, `tasks_order`.`buyer_principal`, `tasks_order`.`search_entry_index`, `tasks_order`.`status`, `tasks_order`.`receive_time`, `tasks_order`.`update_time`, `tasks_order`.`device`, `tasks_order`.`step_detail`, `tasks_order`.`publish_time`, `tasks_order`.`weights`, `tasks_order`.`step_interval`, `tasks_order`.`upgraded`, `tasks_order`.`frozen`, `tasks_order`.`task_id`, `tasks_order`.`tb_id`, `tasks_order`.`bankcard_id`, `tasks_order`.`flags`, `tasks_order`.`difference` FROM `tasks_order` INNER JOIN `tasks_task` ON ( `tasks_order`.`task_id` = `tasks_task`.`id` ) WHERE (`tasks_order`.`status` = 0 AND `tasks_order`.`order_type` IN (0, 1, 2, 6) AND `tasks_task`.`task_type` = 0 AND NOT (`tasks_task`.`status` = 4)) ORDER BY `_ordering` ASC, `tasks_order`.`weights` DESC, `tasks_order`.`receive_time` ASC LIMIT 10
2017-11-12 22:36:37,104 [DEBUG] shouzhuan.filters: session user:66862, model:order, action:listavaliable, mid:-1 
2017-11-12 22:36:37,115 [INFO] tasks.views: SELECT (if(publish_time > 1510497397114, publish_time, 0)) AS `_ordering`, `tasks_order`.`date_created`, `tasks_order`.`date_modified`, `tasks_order`.`date_removed`, `tasks_order`.`id`, `tasks_order`.`order_type`, `tasks_order`.`seller_payment`, `tasks_order`.`buyer_gain`, `tasks_order`.`buyer_principal`, `tasks_order`.`search_entry_index`, `tasks_order`.`status`, `tasks_order`.`receive_time`, `tasks_order`.`update_time`, `tasks_order`.`device`, `tasks_order`.`step_detail`, `tasks_order`.`publish_time`, `tasks_order`.`weights`, `tasks_order`.`step_interval`, `tasks_order`.`upgraded`, `tasks_order`.`frozen`, `tasks_order`.`task_id`, `tasks_order`.`tb_id`, `tasks_order`.`bankcard_id`, `tasks_order`.`flags`, `tasks_order`.`difference` FROM `tasks_order` INNER JOIN `tasks_task` ON ( `tasks_order`.`task_id` = `tasks_task`.`id` ) WHERE (`tasks_order`.`status` = 0 AND `tasks_order`.`order_type` IN (0, 1, 2, 6) AND `tasks_task`.`task_type` = 0 AND NOT (`tasks_task`.`status` = 4)) ORDER BY `_ordering` ASC, `tasks_order`.`weights` DESC, `tasks_order`.`receive_time` ASC LIMIT 10 OFFSET 10
2017-11-12 22:36:40,952 [DEBUG] shouzhuan.filters: session user:66862, model:user, action:listbankcard, mid:66862 
2017-11-12 22:36:41,681 [DEBUG] shouzhuan.filters: session user:90757, model:user, action:getrytoken, mid:90757 
2017-11-12 22:36:47,283 [DEBUG] shouzhuan.filters: session user:66862, model:user, action:setimei, mid:66862 
2017-11-12 22:36:48,320 [DEBUG] shouzhuan.filters: session user:90757, model:user, action:listtbaccount, mid:90757 
2017-11-12 22:36:50,771 [DEBUG] shouzhuan.filters: session user:66862, model:user, action:listbankcard, mid:66862 
2017-11-12 22:37:00,925 [DEBUG] shouzhuan.filters: session user:28374, model:user, action:listtbaccount, mid:28374 
2017-11-12 22:37:03,489 [DEBUG] shouzhuan.filters: session user:85047, model:user, action:listtbaccount, mid:85047 
2017-11-12 22:37:05,004 [DEBUG] shouzhuan.filters: session user:90757, model:user, action:listtbaccount, mid:90757 
2017-11-12 22:37:06,425 [DEBUG] shouzhuan.filters: session user:85047, model:user, action:listtbaccount, mid:85047 
2017-11-12 22:37:06,435 [DEBUG] shouzhuan.filters: session user:85047, model:user, action:setimei, mid:85047 
2017-11-12 22:37:08,378 [DEBUG] shouzhuan.filters: session user:90757, model:user, action:listrecord, mid:90757 
2017-11-12 22:37:09,962 [DEBUG] shouzhuan.filters: session user:90757, model:user, action:listrecord, mid:90757 
2017-11-12 22:37:11,447 [DEBUG] shouzhuan.filters: session user:90757, model:user, action:listrecord, mid:90757 
2017-11-12 22:37:15,122 [DEBUG] shouzhuan.filters: session user:28374, model:user, action:listtbaccount, mid:28374 
2017-11-12 22:37:15,132 [DEBUG] shouzhuan.filters: session user:28374, model:user, action:setimei, mid:28374 
2017-11-12 22:37:17,227 [DEBUG] shouzhuan.filters: session user:90757, model:user, action:listrecord, mid:90757 
2017-11-12 22:37:20,690 [DEBUG] shouzhuan.filters: session user:90757, model:user, action:listtbaccount, mid:90757 
2017-11-12 22:37:20,723 [DEBUG] shouzhuan.filters: session user:90757, model:user, action:setimei, mid:90757 
2017-11-12 22:37:26,884 [DEBUG] shouzhuan.filters: session user:90757, model:user, action:listbuyerorder, mid:90757 
2017-11-12 22:37:26,885 [DEBUG] users.views: 0
2017-11-12 22:37:29,258 [DEBUG] shouzhuan.filters: session user:90757, model:user, action:listbuyerorder, mid:90757 
2017-11-12 22:37:29,259 [DEBUG] users.views: 3
2017-11-12 22:37:29,960 [INFO] users.views: {u'bit': u'10'}
2017-11-12 22:38:04,563 [DEBUG] shouzhuan.filters: session user:58815, model:user, action:listtbaccount, mid:58815 
2017-11-12 22:38:04,655 [DEBUG] shouzhuan.filters: session user:58815, model:user, action:setimei, mid:58815 
2017-11-12 22:38:17,216 [DEBUG] shouzhuan.filters: session user:85047, model:user, action:listrecord, mid:85047 
2017-11-12 22:38:21,212 [DEBUG] shouzhuan.filters: session user:85047, model:user, action:listbankcard, mid:85047 
2017-11-12 22:38:23,320 [DEBUG] shouzhuan.filters: session user:85047, model:user, action:listbankcard, mid:85047 
2017-11-12 22:38:25,711 [DEBUG] shouzhuan.filters: session user:66862, model:user, action:listtbaccount, mid:66862 
2017-11-12 22:38:25,718 [DEBUG] shouzhuan.filters: session user:66862, model:user, action:listbankcard, mid:66862 
2017-11-12 22:38:35,999 [DEBUG] shouzhuan.filters: session user:74296, model:user, action:listtbaccount, mid:74296 
2017-11-12 22:38:47,687 [DEBUG] shouzhuan.filters: session user:74296, model:user, action:listbuyerorder, mid:74296 
2017-11-12 22:38:47,688 [DEBUG] users.views: 0
2017-11-12 22:38:52,354 [DEBUG] shouzhuan.filters: session user:74296, model:user, action:listbuyerorder, mid:74296 
2017-11-12 22:38:52,355 [DEBUG] users.views: 0
2017-11-12 22:39:05,640 [DEBUG] shouzhuan.filters: session user:29901, model:user, action:listrecord, mid:29901 
2017-11-12 22:39:30,707 [DEBUG] shouzhuan.filters: session user:32381, model:user, action:setimei, mid:32381 
2017-11-12 22:39:37,550 [DEBUG] shouzhuan.filters: session user:32381, model:user, action:listtbaccount, mid:32381 
